\BOOKMARK [1][-]{section.1}{\376\377\227\000\154\102\122\006\147\220}{}% 1
\BOOKMARK [1][-]{section.2}{\376\377\230\171\166\356\116\256\160\271}{}% 2
\BOOKMARK [1][-]{section.3}{\376\377\151\202\211\201\213\276\213\241}{}% 3
\BOOKMARK [1][-]{section.4}{\376\377\213\346\176\306\213\276\213\241}{}% 4
\BOOKMARK [2][-]{subsection.4.1}{\376\377\133\232\116\111}{section.4}% 5
\BOOKMARK [2][-]{subsection.4.2}{\376\377\174\173\127\213\136\223}{section.4}% 6
\BOOKMARK [3][-]{subsubsection.4.2.1}{\376\377\000L\000i\000s\000t\136\223}{subsection.4.2}% 7
\BOOKMARK [3][-]{subsubsection.4.2.2}{\376\377\000Q\000u\000e\000u\000e\136\223}{subsection.4.2}% 8
\BOOKMARK [3][-]{subsubsection.4.2.3}{\376\377\000A\000i\000r\000l\000i\000n\000e\136\223}{subsection.4.2}% 9
\BOOKMARK [2][-]{subsection.4.3}{\376\377\122\237\200\375\136\223}{section.4}% 10
\BOOKMARK [3][-]{subsubsection.4.3.1}{\376\377\147\345\213\342\136\223}{subsection.4.3}% 11
\BOOKMARK [3][-]{subsubsection.4.3.2}{\376\377\220\000\171\150\136\223}{subsection.4.3}% 12
\BOOKMARK [1][-]{section.5}{\376\377\165\050\142\067\142\113\121\214}{}% 13
\BOOKMARK [2][-]{subsection.5.1}{\376\377\165\114\227\142}{section.5}% 14
\BOOKMARK [2][-]{subsection.5.2}{\376\377\213\242\171\150}{section.5}% 15
\BOOKMARK [2][-]{subsection.5.3}{\376\377\120\031\210\145}{section.5}% 16
\BOOKMARK [2][-]{subsection.5.4}{\376\377\116\055\217\154}{section.5}% 17
\BOOKMARK [2][-]{subsection.5.5}{\376\377\145\366\225\364\121\262\172\201}{section.5}% 18
\BOOKMARK [2][-]{subsection.5.6}{\376\377\220\000\171\150}{section.5}% 19
\BOOKMARK [1][-]{section.6}{\376\377\137\303\137\227\117\123\117\032}{}% 20
\BOOKMARK [1][-]{section.7}{\376\377\226\104\137\125}{}% 21
\BOOKMARK [2][-]{subsection.7.1}{\376\377\000d\000e\000f\000i\000n\000i\000t\000i\000o\000n\000.\000h}{section.7}% 22
\BOOKMARK [2][-]{subsection.7.2}{\376\377\000m\000a\000i\000n\000.\000c}{section.7}% 23
\BOOKMARK [2][-]{subsection.7.3}{\376\377\000l\000i\000s\000t\000.\000c}{section.7}% 24
\BOOKMARK [2][-]{subsection.7.4}{\376\377\000q\000u\000e\000u\000e\000.\000c}{section.7}% 25
\BOOKMARK [2][-]{subsection.7.5}{\376\377\000a\000i\000r\000l\000i\000n\000e\000.\000c}{section.7}% 26
\BOOKMARK [2][-]{subsection.7.6}{\376\377\000i\000n\000q\000u\000i\000r\000e\000.\000c}{section.7}% 27
\BOOKMARK [2][-]{subsection.7.7}{\376\377\000r\000e\000f\000u\000n\000d\000.\000c}{section.7}% 28
