\BOOKMARK [1][-]{section.1}{\376\377\227\000\154\102\122\006\147\220}{}% 1
\BOOKMARK [1][-]{section.2}{\376\377\230\171\166\356\116\256\160\271}{}% 2
\BOOKMARK [1][-]{section.3}{\376\377\151\202\211\201\213\276\213\241}{}% 3
\BOOKMARK [1][-]{section.4}{\376\377\213\346\176\306\213\276\213\241}{}% 4
\BOOKMARK [2][-]{subsection.4.1}{\376\377\133\232\116\111}{section.4}% 5
\BOOKMARK [2][-]{subsection.4.2}{\376\377\221\315\211\201\121\375\145\160}{section.4}% 6
\BOOKMARK [3][-]{subsubsection.4.2.1}{\376\377\133\127\173\046\116\062\217\154\153\324\162\171\155\101}{subsection.4.2}% 7
\BOOKMARK [3][-]{subsubsection.4.2.2}{\376\377\153\324\162\171\155\101\217\154\133\127\173\046\116\062}{subsection.4.2}% 8
\BOOKMARK [1][-]{section.5}{\376\377\165\050\142\067\142\113\121\214}{}% 9
\BOOKMARK [2][-]{subsection.5.1}{\376\377\165\114\227\142}{section.5}% 10
\BOOKMARK [2][-]{subsection.5.2}{\376\377\122\035\131\313\123\026}{section.5}% 11
\BOOKMARK [2][-]{subsection.5.3}{\376\377\177\026\170\001}{section.5}% 12
\BOOKMARK [2][-]{subsection.5.4}{\376\377\213\321\170\001}{section.5}% 13
\BOOKMARK [2][-]{subsection.5.5}{\376\377\142\123\123\160\116\343\170\001\145\207\116\366}{section.5}% 14
\BOOKMARK [2][-]{subsection.5.6}{\376\377\142\123\123\160\215\153\131\053\146\374\150\021}{section.5}% 15
\BOOKMARK [1][-]{section.6}{\376\377\137\303\137\227\117\123\117\032}{}% 16
\BOOKMARK [1][-]{section.7}{\376\377\226\104\137\125}{}% 17
\BOOKMARK [2][-]{subsection.7.1}{\376\377\000d\000e\000f\000i\000n\000i\000t\000i\000o\000n\000.\000h}{section.7}% 18
\BOOKMARK [2][-]{subsection.7.2}{\376\377\000m\000a\000i\000n\000.\000c}{section.7}% 19
\BOOKMARK [2][-]{subsection.7.3}{\376\377\000h\000u\000f\000f\000m\000a\000n\000.\000c}{section.7}% 20
\BOOKMARK [2][-]{subsection.7.4}{\376\377\000f\000u\000n\000c\000t\000i\000o\000n\000.\000c}{section.7}% 21
